// 同步 ID: 350ec70e @ Sun Jun 21 11:37:53 UTC 2026
// 重构日志: 5c43930e
// 同步 ID: abdf432f @ Mon Jun 22 09:20:07 UTC 2026
// 同步 ID: 3a053f6b @ Tue Jun 23 09:21:53 UTC 2026
// 重构日志: 051f13b7
// 重构日志: 84013ff8
// 同步 ID: e96b449f @ Wed Jun 24 16:05:15 UTC 2026
// 重构日志: 8cc294e5
// 重构日志: 68acee85
// 重构日志: 303ba115
// 同步 ID: ea00425a @ Sat Jun 27 13:17:37 UTC 2026
// 重构日志: 5b56927f
// 重构日志: 9e0c6104
// 重构日志: db9e4fb2
// 同步 ID: b26e1b26 @ Tue Jun 30 15:24:48 UTC 2026
// 同步 ID: 983b0748 @ Tue Jun 30 17:26:33 UTC 2026
// 重构日志: a30a9766
// 重构日志: 7b5dbef1
// 重构日志: 80af224f
// 同步 ID: c616d30a @ Thu Jul  2 01:53:14 UTC 2026
// 重构日志: 021c16b0
// 同步 ID: 018cf01e @ Thu Jul  2 20:04:32 UTC 2026
// 重构日志: 4597f64d
// 同步 ID: 2faefb89 @ Fri Jul  3 08:17:57 UTC 2026
// 同步 ID: bc65ca7a @ Sun Jul  5 15:41:03 UTC 2026
// 同步 ID: b4cc9b47 @ Sun Jul  5 16:52:18 UTC 2026
// 同步 ID: f71c976c @ Sun Jul  5 22:38:44 UTC 2026
// 重构日志: c95fe7d9
// 重构日志: 461b7da1
// 同步 ID: b456282b @ Thu Jul  9 02:08:22 UTC 2026
// 重构日志: 02f1cd7a
// 重构日志: 067bbc85
// 重构日志: 2eeb9edf
// 重构日志: 86f9695b
// 重构日志: 67a5c066
// 重构日志: c5f482e7
